2017-01-07 13:15:57,274 [main] DEBUG class java.lang.Class - Starting Andmore Common Plugin...
2017-01-07 13:15:57,274 [main] DEBUG class java.lang.Class - Andmore Common Plugin started.
2017-01-07 13:15:57,275 [main] DEBUG class java.lang.Class - Starting Andmore Plugin...
2017-01-07 13:15:57,277 [main] DEBUG class java.lang.Class - Andmore Plugin started.
2017-01-07 13:15:58,264 [main] DEBUG class java.lang.Class - Starting Andmore Emulator Plugin...
2017-01-07 13:15:58,312 [main] DEBUG class java.lang.Class - Andmore Emulator Plugin started.
2017-01-07 13:15:58,319 [main] DEBUG class java.lang.Class - Starting Andmore Handset Plugin...
2017-01-07 13:15:58,319 [main] DEBUG class java.lang.Class - Andmore Handset Plugin started.
2017-01-07 13:15:58,324 [main] DEBUG class java.lang.Class - Starting Andmore Remote Device Plugin...
2017-01-07 13:15:58,324 [main] DEBUG class java.lang.Class - Starting Andmore Remote Device Plugin started.
2017-01-07 13:15:58,329 [main] DEBUG class java.lang.Class - Starting Andmore Device Services Plugin...
2017-01-07 13:15:58,329 [main] DEBUG class java.lang.Class - Andmore Device Services Plugin started.
2017-01-07 13:16:01,555 [main] DEBUG class java.lang.Class - Starting DDMS facade using listener...
2017-01-07 13:16:01,559 [main] DEBUG class java.lang.Class - DDMS facade started using listener.
2017-01-07 13:16:03,239 [Worker-0] ERROR Studio for Android - Handler could not be instanced(PLUGIN=org.eclipse.sequoyah.device.framework;ERROR=202)
2017-01-07 13:16:03,241 [Worker-0] ERROR Studio for Android - Handler could not be instanced(PLUGIN=org.eclipse.sequoyah.device.framework;ERROR=202)
2017-01-07 13:16:03,241 [Worker-0] ERROR Studio for Android - Handler could not be instanced(PLUGIN=org.eclipse.sequoyah.device.framework;ERROR=202)
2017-01-07 13:16:03,241 [Worker-0] ERROR Studio for Android - Handler could not be instanced(PLUGIN=org.eclipse.sequoyah.device.framework;ERROR=202)
2017-01-07 13:16:03,241 [Worker-0] ERROR Studio for Android - Handler could not be instanced(PLUGIN=org.eclipse.sequoyah.device.framework;ERROR=202)
2017-01-07 13:16:03,241 [Worker-0] ERROR Studio for Android - Handler could not be instanced(PLUGIN=org.eclipse.sequoyah.device.framework;ERROR=202)
2017-01-07 13:16:03,241 [Worker-0] ERROR Studio for Android - Handler could not be instanced(PLUGIN=org.eclipse.sequoyah.device.framework;ERROR=202)
2017-01-07 13:16:03,241 [Worker-0] ERROR Studio for Android - Handler could not be instanced(PLUGIN=org.eclipse.sequoyah.device.framework;ERROR=202)
2017-01-07 13:16:03,241 [Worker-0] ERROR Studio for Android - Handler could not be instanced(PLUGIN=org.eclipse.sequoyah.device.framework;ERROR=202)
2017-01-07 13:16:03,241 [Worker-0] ERROR Studio for Android - Handler could not be instanced(PLUGIN=org.eclipse.sequoyah.device.framework;ERROR=202)
2017-01-07 13:16:03,241 [Worker-0] ERROR Studio for Android - Handler could not be instanced(PLUGIN=org.eclipse.sequoyah.device.framework;ERROR=202)
2017-01-07 13:16:03,241 [Worker-0] ERROR Studio for Android - Handler could not be instanced(PLUGIN=org.eclipse.sequoyah.device.framework;ERROR=202)
2017-01-07 13:16:03,241 [Worker-0] ERROR Studio for Android - Handler could not be instanced(PLUGIN=org.eclipse.sequoyah.device.framework;ERROR=202)
2017-01-07 13:16:03,241 [Worker-0] ERROR Studio for Android - Handler could not be instanced(PLUGIN=org.eclipse.sequoyah.device.framework;ERROR=202)
2017-01-07 13:16:03,241 [Worker-0] ERROR Studio for Android - Handler could not be instanced(PLUGIN=org.eclipse.sequoyah.device.framework;ERROR=202)
2017-01-07 13:16:03,241 [Worker-0] ERROR Studio for Android - Handler could not be instanced(PLUGIN=org.eclipse.sequoyah.device.framework;ERROR=202)
2017-01-07 13:16:03,241 [Worker-0] ERROR Studio for Android - Handler could not be instanced(PLUGIN=org.eclipse.sequoyah.device.framework;ERROR=202)
2017-01-07 13:16:03,241 [Worker-0] ERROR Studio for Android - Handler could not be instanced(PLUGIN=org.eclipse.sequoyah.device.framework;ERROR=202)
2017-01-07 13:16:03,241 [Worker-0] ERROR Studio for Android - Handler could not be instanced(PLUGIN=org.eclipse.sequoyah.device.framework;ERROR=202)
2017-01-07 13:16:03,242 [Worker-0] ERROR Studio for Android - Handler could not be instanced(PLUGIN=org.eclipse.sequoyah.device.framework;ERROR=202)
2017-01-07 13:16:03,242 [Worker-0] ERROR Studio for Android - Handler could not be instanced(PLUGIN=org.eclipse.sequoyah.device.framework;ERROR=202)
2017-01-07 13:16:03,242 [Worker-0] ERROR Studio for Android - Handler could not be instanced(PLUGIN=org.eclipse.sequoyah.device.framework;ERROR=202)
2017-01-07 13:16:03,242 [Worker-0] ERROR Studio for Android - Handler could not be instanced(PLUGIN=org.eclipse.sequoyah.device.framework;ERROR=202)
2017-01-07 13:16:03,242 [Worker-0] ERROR Studio for Android - Handler could not be instanced(PLUGIN=org.eclipse.sequoyah.device.framework;ERROR=202)
2017-01-07 13:16:03,242 [Worker-0] ERROR Studio for Android - Handler could not be instanced(PLUGIN=org.eclipse.sequoyah.device.framework;ERROR=202)
2017-01-07 13:16:03,242 [Worker-0] ERROR Studio for Android - Handler could not be instanced(PLUGIN=org.eclipse.sequoyah.device.framework;ERROR=202)
2017-01-07 13:16:03,242 [Worker-0] ERROR Studio for Android - Handler could not be instanced(PLUGIN=org.eclipse.sequoyah.device.framework;ERROR=202)
2017-01-07 13:16:03,242 [Worker-0] ERROR Studio for Android - Handler could not be instanced(PLUGIN=org.eclipse.sequoyah.device.framework;ERROR=202)
2017-01-07 13:16:03,242 [Worker-0] ERROR Studio for Android - Handler could not be instanced(PLUGIN=org.eclipse.sequoyah.device.framework;ERROR=202)
2017-01-07 13:16:03,242 [Worker-0] ERROR Studio for Android - Handler could not be instanced(PLUGIN=org.eclipse.sequoyah.device.framework;ERROR=202)
2017-01-07 13:16:03,242 [Worker-0] INFO  Studio for Android - [Status: id=org.eclipse.andmore.android.emulator.status.offline;name=Offline]
2017-01-07 13:16:03,242 [Worker-0] INFO  Studio for Android - [Status: id=org.eclipse.andmore.android.handset.status.handsetonline;name=Online]
2017-01-07 13:16:03,242 [Worker-0] INFO  Studio for Android - [Status: id=INACTIVE;name=INACTIVE]
2017-01-07 13:16:03,242 [Worker-0] INFO  Studio for Android - [Status: id=org.eclipse.andmore.android.emulator.status.notavailable;name=Not available]
2017-01-07 13:16:03,242 [Worker-0] INFO  Studio for Android - [Status: id=IDLE;name=IDLE]
2017-01-07 13:16:03,242 [Worker-0] INFO  Studio for Android - [Status: id=org.eclipse.andmore.android.remote.status.connected;name=Connected]
2017-01-07 13:16:03,242 [Worker-0] INFO  Studio for Android - [Status: id=org.eclipse.andmore.android.remote.status.disconnected;name=Disconnected]
2017-01-07 13:16:03,242 [Worker-0] INFO  Studio for Android - [Status: id=org.eclipse.andmore.android.emulator.status.online;name=Online]
2017-01-07 13:16:03,242 [Worker-0] INFO  Studio for Android - [Status: id=OFF;name=OFF]
2017-01-07 13:16:03,242 [Worker-0] INFO  Studio for Android - [Status: id=org.eclipse.andmore.android.emulator.status.offlineNoData;name=Offline (no user data)]
2017-01-07 14:14:07,292 [main] DEBUG class java.lang.Class - Starting Eclipse Andmore Database Core Plugin...
2017-01-07 14:14:07,329 [main] DEBUG Studio for Android - JDBC Driver Location:bundleentry://69.fwk1308244637/res/androidjdbc.jar JDBC Driver getBundle().getLocation():reference:file:/C:/Users/RyanO/.p2/pool/plugins/org.eclipse.andmore.android.common_0.5.0.201605181018.jar
2017-01-07 14:14:07,344 [main] DEBUG Studio for Android - JDBC Driver Path:C:\Users\RyanO\eclipse\android-neon\eclipse\configuration\org.eclipse.osgi\69\0\.cp\res\androidjdbc.jar
2017-01-07 14:14:07,344 [main] DEBUG Studio for Android - JDBC Driver Location:bundleentry://69.fwk1308244637/res/androidjdbc.jar JDBC Driver getBundle().getLocation():reference:file:/C:/Users/RyanO/.p2/pool/plugins/org.eclipse.andmore.android.common_0.5.0.201605181018.jar
2017-01-07 14:14:07,344 [main] DEBUG Studio for Android - JDBC Driver Path:C:\Users\RyanO\eclipse\android-neon\eclipse\configuration\org.eclipse.osgi\69\0\.cp\res\androidjdbc.jar
2017-01-07 14:14:07,351 [main] INFO  Studio for Android - Created a JDBC driver instance at Data Tools.
2017-01-07 14:14:07,355 [main] DEBUG class java.lang.Class - Eclipse Andmore Database Core Plugin started.
2017-01-07 14:14:07,356 [main] DEBUG class java.lang.Class - Starting Eclipse Andmore Database Devices Support Plugin...
2017-01-07 14:14:07,357 [main] DEBUG class java.lang.Class - Eclipse Andmore Database Devices Support Plugin started...
2017-01-07 14:14:08,130 [Framework stop] DEBUG Studio for Android - org.eclipse.sequoyah.device.service.start.StartServicePlugin-SHUTDOWN
2017-01-07 14:14:08,136 [Framework stop] DEBUG Studio for Android - org.eclipse.sequoyah.device.framework.ui.DeviceUIPlugin-SHUTDOWN
2017-01-07 14:14:08,136 [Framework stop] DEBUG Studio for Android - org.eclipse.sequoyah.device.service.stop.StopServicePlugin-SHUTDOWN
2017-01-07 14:14:08,136 [Framework stop] DEBUG Studio for Android - org.eclipse.sequoyah.device.framework.DevicePlugin-SHUTDOWN
